2020-11-25 18:21:50,646 INFO [default] My first info log using default logger
2020-11-25 18:24:16,730 INFO [default] My first info log using default logger
2020-11-25 18:24:16,732 DEBUG [default] [suyinrong@unknown-host] [int main(int, char **)] [main.cpp:7] THIS is DEBUG
2020-11-25 18:25:34,201 INFO [default] My first info log using default logger
2020-11-25 18:25:34,203 DEBUG [default] [suyinrong@unknown-host] [int main(int, char **)] [main.cpp:7] THIS is DEBUG
2020-11-25 18:27:26,220 INFO [default] My first info log using default logger
2020-11-25 18:27:26,222 DEBUG [default] [suyinrong@unknown-host] [int main(int, char **)] [main.cpp:8] This is DEBUG
2020-11-25 18:27:26,222 TRACE [default] [int main(int, char **)] [main.cpp:9] This is Trace
2020-11-25 18:27:26,222 FATAL [default] This is Fatal
2020-11-25 18:27:26,222 WARNING [default] Aborting application. Reason: Fatal log at [main.cpp:10]
2020-11-25 18:27:43,377 INFO [default] My first info log using default logger
2020-11-25 18:27:43,378 DEBUG [default] [suyinrong@unknown-host] [int main(int, char **)] [main.cpp:8] This is DEBUG
2020-11-25 18:27:43,378 TRACE [default] [int main(int, char **)] [main.cpp:9] This is Trace
2020-11-25 18:27:43,378 FATAL [default] This is Fatal
2020-11-25 18:27:43,378 WARNING [default] Aborting application. Reason: Fatal log at [main.cpp:10]
2020-11-25 18:27:52,211 INFO [default] My first info log using default logger
2020-11-25 18:27:52,212 DEBUG [default] [suyinrong@unknown-host] [int main(int, char **)] [main.cpp:8] This is DEBUG
2020-11-25 18:27:52,212 TRACE [default] [int main(int, char **)] [main.cpp:9] This is Trace
2020-11-25 18:27:52,213 FATAL [default] This is Fatal
2020-11-25 18:27:52,213 WARNING [default] Aborting application. Reason: Fatal log at [main.cpp:10]
2020-11-25 18:28:08,726 INFO [default] My first info log using default logger
2020-11-25 18:28:08,727 DEBUG [default] [suyinrong@unknown-host] [int main(int, char **)] [main.cpp:8] This is DEBUG
2020-11-25 18:28:08,727 TRACE [default] [int main(int, char **)] [main.cpp:9] This is Trace
2020-11-25 18:28:08,727 ERROR [default] This is Error
2020-11-25 18:28:08,727 WARNING [default] This is warning
